<?xml version="1.0" encoding="UTF-8"?>
<!-- Generated by org.testng.reporters.JUnitReportReporter -->
<testsuite hostname="LAPTOP-ERDK0JKG" failures="0" tests="1" name="com.hugenx.runner.Login" time="5.020" errors="0" timestamp="2024-02-14T13:20:36 IST" skipped="0">
  <testcase classname="com.hugenx.runner.Login" name="loginInToTheApplication" time="5.020"/>
</testsuite> <!-- com.hugenx.runner.Login -->
