<?xml version="1.0" encoding="UTF-8"?>
<!-- Generated by org.testng.reporters.JUnitReportReporter -->
<testsuite hostname="LAPTOP-ERDK0JKG" failures="0" tests="1" name="com.hugenx.runner.LoginTest" time="33.754" errors="0" timestamp="2024-03-03T19:09:45 IST" skipped="0">
  <testcase classname="com.hugenx.runner.LoginTest" name="loginInToTheApplication" time="33.754"/>
</testsuite> <!-- com.hugenx.runner.LoginTest -->
